{"level":"info","message":"Listening on port 3000.","timestamp":"2018-07-31T23:42:23.051Z"}
{"level":"info","message":"Connected to mongodb://localhost/atena.","timestamp":"2018-07-31T23:42:23.088Z"}
{"level":"info","message":"Listening on port 3000.","timestamp":"2018-07-31T23:42:31.782Z"}
{"level":"info","message":"Connected to mongodb://localhost/atena.","timestamp":"2018-07-31T23:42:31.819Z"}
{"level":"info","message":"Listening on port 3000.","timestamp":"2018-07-31T23:42:53.330Z"}
{"level":"info","message":"Connected to mongodb://localhost/atena.","timestamp":"2018-07-31T23:42:53.358Z"}
{"level":"info","message":"Listening on port 3000.","timestamp":"2018-07-31T23:42:58.976Z"}
{"level":"info","message":"Connected to mongodb://localhost/atena.","timestamp":"2018-07-31T23:42:59.014Z"}
{"level":"info","message":"Listening on port 3000.","timestamp":"2018-07-31T23:45:14.915Z"}
{"level":"info","message":"Connected to mongodb://localhost/atena.","timestamp":"2018-07-31T23:45:14.956Z"}
{"level":"info","message":"Listening on port 3000.","timestamp":"2018-07-31T23:45:16.985Z"}
{"level":"info","message":"Connected to mongodb://localhost/atena.","timestamp":"2018-07-31T23:45:17.020Z"}
{"level":"info","message":"Listening on port 3000.","timestamp":"2018-07-31T23:45:20.085Z"}
{"level":"info","message":"Connected to mongodb://localhost/atena.","timestamp":"2018-07-31T23:45:20.124Z"}
{"level":"info","message":"Listening on port 3000.","timestamp":"2018-07-31T23:45:47.392Z"}
{"level":"info","message":"Connected to mongodb://localhost/camara.","timestamp":"2018-07-31T23:45:47.431Z"}
{"level":"info","message":"Listening on port 3000.","timestamp":"2018-07-31T23:45:58.480Z"}
{"level":"info","message":"Connected to mongodb://localhost/camara.","timestamp":"2018-07-31T23:45:58.521Z"}
{"level":"info","message":"Listening on port 3000.","timestamp":"2018-07-31T23:47:07.417Z"}
{"level":"info","message":"Connected to mongodb://localhost/camara.","timestamp":"2018-07-31T23:47:07.464Z"}
{"level":"info","message":"Listening on port 3000.","timestamp":"2018-07-31T23:47:09.172Z"}
{"level":"info","message":"Connected to mongodb://localhost/camara.","timestamp":"2018-07-31T23:47:09.209Z"}
{"level":"info","message":"Listening on port 3000.","timestamp":"2018-07-31T23:47:14.390Z"}
{"level":"info","message":"Connected to mongodb://localhost/camara.","timestamp":"2018-07-31T23:47:14.425Z"}
{"level":"info","message":"Listening on port 3000.","timestamp":"2018-07-31T23:47:17.101Z"}
{"level":"info","message":"Connected to mongodb://localhost/camara.","timestamp":"2018-07-31T23:47:17.141Z"}
{"level":"info","message":"Listening on port 3000.","timestamp":"2018-07-31T23:48:21.273Z"}
{"level":"info","message":"Connected to mongodb://localhost/camara.","timestamp":"2018-07-31T23:48:21.308Z"}
{"level":"info","message":"Listening on port 3000.","timestamp":"2018-07-31T23:48:30.961Z"}
{"level":"info","message":"Connected to mongodb://localhost/camara.","timestamp":"2018-07-31T23:48:30.997Z"}
{"level":"info","message":"Listening on port 3000.","timestamp":"2018-07-31T23:49:05.520Z"}
{"level":"info","message":"Connected to mongodb://localhost/camara.","timestamp":"2018-07-31T23:49:05.558Z"}
{"level":"info","message":"Listening on port 3000.","timestamp":"2018-07-31T23:49:15.321Z"}
{"level":"info","message":"Connected to mongodb://localhost/camara.","timestamp":"2018-07-31T23:49:15.357Z"}
{"level":"info","message":"Listening on port 3000.","timestamp":"2018-07-31T23:50:28.212Z"}
{"level":"info","message":"Connected to mongodb://localhost/camara.","timestamp":"2018-07-31T23:50:28.251Z"}
{"level":"info","message":"Listening on port 3000.","timestamp":"2018-07-31T23:51:43.141Z"}
{"level":"info","message":"Connected to mongodb://localhost/camara.","timestamp":"2018-07-31T23:51:43.183Z"}
{"level":"info","message":"Listening on port 3000.","timestamp":"2018-07-31T23:51:45.059Z"}
{"level":"info","message":"Connected to mongodb://localhost/camara.","timestamp":"2018-07-31T23:51:45.094Z"}
{"level":"info","message":"Listening on port 3000.","timestamp":"2018-07-31T23:53:00.135Z"}
{"level":"info","message":"Connected to mongodb://localhost/camara.","timestamp":"2018-07-31T23:53:00.172Z"}
{"level":"info","message":"Listening on port 3000.","timestamp":"2018-07-31T23:53:01.739Z"}
{"level":"info","message":"Connected to mongodb://localhost/camara.","timestamp":"2018-07-31T23:53:01.773Z"}
{"level":"info","message":"Listening on port 3000.","timestamp":"2018-07-31T23:54:53.256Z"}
{"level":"info","message":"Listening on port 3000.","timestamp":"2018-07-31T23:55:25.094Z"}
{"level":"info","message":"Listening on port 3000.","timestamp":"2018-07-31T23:56:22.703Z"}
{"level":"info","message":"Listening on port 3000.","timestamp":"2018-07-31T23:56:31.166Z"}
{"level":"info","message":"Listening on port 3000.","timestamp":"2018-07-31T23:57:15.002Z"}
{"level":"info","message":"Listening on port 3000.","timestamp":"2018-07-31T23:57:49.066Z"}
{"level":"info","message":"Listening on port 3000.","timestamp":"2018-07-31T23:57:54.428Z"}
{"level":"info","message":"Connected to mongodb://localhost/camara.","timestamp":"2018-07-31T23:57:54.468Z"}
{"level":"info","message":"Listening on port 3000.","timestamp":"2018-07-31T23:58:20.922Z"}
{"level":"info","message":"Listening on port 3000.","timestamp":"2018-07-31T23:58:22.908Z"}
{"level":"info","message":"Listening on port 3000.","timestamp":"2018-07-31T23:59:05.103Z"}
{"level":"info","message":"Listening on port 3000.","timestamp":"2018-07-31T23:59:11.866Z"}
{"level":"info","message":"Listening on port 3000.","timestamp":"2018-07-31T23:59:17.143Z"}
{"level":"info","message":"Connected to mongodb://localhost/camara.","timestamp":"2018-07-31T23:59:17.177Z"}
{"level":"info","message":"Listening on port 3000.","timestamp":"2018-07-31T23:59:19.028Z"}
{"level":"info","message":"Connected to mongodb://localhost/camara.","timestamp":"2018-07-31T23:59:19.073Z"}
{"level":"info","message":"Listening on port 3000.","timestamp":"2018-08-01T00:01:34.747Z"}
{"level":"info","message":"Connected to mongodb://localhost/camara.","timestamp":"2018-08-01T00:01:34.790Z"}
{"level":"info","message":"Listening on port 3000.","timestamp":"2018-08-01T00:04:07.651Z"}
{"level":"info","message":"Connected to mongodb://localhost/camara.","timestamp":"2018-08-01T00:04:07.686Z"}
{"level":"info","message":"Listening on port 3000.","timestamp":"2018-08-01T00:04:09.938Z"}
{"level":"info","message":"Connected to mongodb://localhost/camara.","timestamp":"2018-08-01T00:04:09.979Z"}
{"level":"info","message":"Listening on port 3000.","timestamp":"2018-08-01T00:07:58.287Z"}
{"level":"info","message":"Connected to mongodb://localhost/camara.","timestamp":"2018-08-01T00:07:58.320Z"}
{"level":"info","message":"Listening on port 3000.","timestamp":"2018-08-01T00:08:15.030Z"}
{"level":"info","message":"Connected to mongodb://localhost/camara.","timestamp":"2018-08-01T00:08:15.067Z"}
{"level":"info","message":"Listening on port 3000.","timestamp":"2018-08-01T00:08:36.580Z"}
{"level":"info","message":"Connected to mongodb://localhost/camara.","timestamp":"2018-08-01T00:08:36.615Z"}
{"level":"info","message":"Listening on port 3000.","timestamp":"2018-08-01T00:08:50.730Z"}
{"level":"info","message":"Connected to mongodb://localhost/camara.","timestamp":"2018-08-01T00:08:50.769Z"}
{"level":"info","message":"Listening on port 3000.","timestamp":"2018-08-01T00:10:39.526Z"}
{"level":"info","message":"Connected to mongodb://localhost/camara.","timestamp":"2018-08-01T00:10:39.562Z"}
{"level":"info","message":"Listening on port 3000.","timestamp":"2018-08-01T00:10:54.136Z"}
{"level":"info","message":"Connected to mongodb://localhost/camara.","timestamp":"2018-08-01T00:10:54.165Z"}
{"level":"info","message":"Listening on port 3000.","timestamp":"2018-08-01T00:11:33.900Z"}
{"level":"info","message":"Connected to mongodb://localhost/camara.","timestamp":"2018-08-01T00:11:33.931Z"}
{"level":"info","message":"Listening on port 3000.","timestamp":"2018-08-01T00:11:47.127Z"}
{"level":"info","message":"Connected to mongodb://localhost/camara.","timestamp":"2018-08-01T00:11:47.161Z"}
{"level":"info","message":"Listening on port 3000.","timestamp":"2018-08-01T00:12:01.300Z"}
{"level":"info","message":"Connected to mongodb://localhost/camara.","timestamp":"2018-08-01T00:12:01.331Z"}
{"level":"info","message":"Listening on port 3000.","timestamp":"2018-08-01T00:12:13.830Z"}
{"level":"info","message":"Connected to mongodb://localhost/camara.","timestamp":"2018-08-01T00:12:13.860Z"}
{"level":"info","message":"Listening on port 3000.","timestamp":"2018-08-01T00:12:17.313Z"}
{"level":"info","message":"Connected to mongodb://localhost/camara.","timestamp":"2018-08-01T00:12:17.351Z"}
{"level":"info","message":"Listening on port 3000.","timestamp":"2018-08-01T00:12:31.512Z"}
{"level":"info","message":"Connected to mongodb://localhost/camara.","timestamp":"2018-08-01T00:12:31.546Z"}
{"level":"info","message":"Listening on port 3000.","timestamp":"2018-08-01T00:12:42.011Z"}
{"level":"info","message":"Connected to mongodb://localhost/camara.","timestamp":"2018-08-01T00:12:42.039Z"}
{"level":"info","message":"Listening on port 3000.","timestamp":"2018-08-01T00:13:13.226Z"}
{"level":"info","message":"Connected to mongodb://localhost/camara.","timestamp":"2018-08-01T00:13:13.260Z"}
{"level":"info","message":"Listening on port 3000.","timestamp":"2018-08-01T00:13:18.894Z"}
{"level":"info","message":"Connected to mongodb://localhost/camara.","timestamp":"2018-08-01T00:13:18.932Z"}
{"level":"info","message":"Listening on port 3000.","timestamp":"2018-08-01T00:14:42.931Z"}
{"level":"info","message":"Connected to mongodb://localhost/camara.","timestamp":"2018-08-01T00:14:42.963Z"}
{"level":"info","message":"Listening on port 3000.","timestamp":"2018-08-01T00:15:19.180Z"}
{"level":"info","message":"Connected to mongodb://localhost/camara.","timestamp":"2018-08-01T00:15:19.211Z"}
{"level":"info","message":"Listening on port 3000.","timestamp":"2018-08-01T00:15:20.829Z"}
{"level":"info","message":"Connected to mongodb://localhost/camara.","timestamp":"2018-08-01T00:15:20.865Z"}
{"level":"info","message":"Listening on port 3000.","timestamp":"2018-08-01T00:16:15.973Z"}
{"level":"info","message":"Connected to mongodb://localhost/camara.","timestamp":"2018-08-01T00:16:16.030Z"}
{"level":"info","message":"Listening on port 3000.","timestamp":"2018-08-01T00:16:17.530Z"}
{"level":"info","message":"Connected to mongodb://localhost/camara.","timestamp":"2018-08-01T00:16:17.559Z"}
{"level":"info","message":"Listening on port 3000.","timestamp":"2018-08-01T00:16:36.752Z"}
{"level":"info","message":"Connected to mongodb://localhost/camara.","timestamp":"2018-08-01T00:16:36.780Z"}
{"level":"info","message":"Listening on port 3000.","timestamp":"2018-08-01T00:19:42.182Z"}
{"level":"info","message":"Connected to mongodb://localhost/camara.","timestamp":"2018-08-01T00:19:42.212Z"}
{"level":"info","message":"Listening on port 3000.","timestamp":"2018-08-01T00:19:47.754Z"}
{"level":"info","message":"Connected to mongodb://localhost/camara.","timestamp":"2018-08-01T00:19:47.788Z"}
{"level":"info","message":"Listening on port 3000.","timestamp":"2018-08-01T00:19:54.229Z"}
{"level":"info","message":"Connected to mongodb://localhost/camara.","timestamp":"2018-08-01T00:19:54.257Z"}
{"level":"info","message":"Listening on port 3000.","timestamp":"2018-08-01T00:32:34.466Z"}
{"level":"info","message":"Connected to mongodb://localhost/camara.","timestamp":"2018-08-01T00:32:34.533Z"}
{"level":"info","message":"Listening on port 3000.","timestamp":"2018-08-01T00:33:40.220Z"}
{"level":"info","message":"Connected to mongodb://localhost/camara.","timestamp":"2018-08-01T00:33:40.257Z"}
{"level":"info","message":"Listening on port 3000.","timestamp":"2018-08-02T00:57:39.993Z"}
{"level":"info","message":"Connected to mongodb://localhost/camara.","timestamp":"2018-08-02T00:57:40.059Z"}
{"level":"info","message":"Listening on port 3000.","timestamp":"2018-08-02T11:56:45.649Z"}
{"level":"info","message":"Connected to mongodb://localhost/camara.","timestamp":"2018-08-02T11:56:45.695Z"}
{"level":"info","message":"Listening on port 3000.","timestamp":"2018-08-02T16:57:23.003Z"}
{"level":"info","message":"Connected to mongodb://localhost/camara.","timestamp":"2018-08-02T16:57:23.097Z"}
{"level":"info","message":"Listening on port 3000.","timestamp":"2018-08-05T15:04:52.105Z"}
{"level":"info","message":"Connected to mongodb://localhost/camara.","timestamp":"2018-08-05T15:04:52.144Z"}
{"level":"info","message":"Listening on port 3000.","timestamp":"2018-08-05T15:05:42.419Z"}
{"level":"info","message":"Connected to mongodb://localhost/camara.","timestamp":"2018-08-05T15:05:42.459Z"}
{"level":"info","message":"Listening on port 3000.","timestamp":"2018-08-05T15:05:44.616Z"}
{"level":"info","message":"Connected to mongodb://localhost/camara.","timestamp":"2018-08-05T15:05:44.652Z"}
{"level":"info","message":"Listening on port 3000.","timestamp":"2018-08-05T15:06:43.071Z"}
{"level":"info","message":"Connected to mongodb://localhost/camara.","timestamp":"2018-08-05T15:06:43.147Z"}
{"level":"info","message":"Listening on port 3000.","timestamp":"2018-08-05T15:07:12.168Z"}
{"level":"info","message":"Connected to mongodb://localhost/camara.","timestamp":"2018-08-05T15:07:12.216Z"}
{"level":"info","message":"Listening on port 3000.","timestamp":"2018-08-05T15:30:30.330Z"}
{"level":"info","message":"Connected to mongodb://localhost/camara.","timestamp":"2018-08-05T15:30:30.380Z"}
{"level":"info","message":"Listening on port 3000.","timestamp":"2018-08-05T15:30:41.580Z"}
{"level":"info","message":"Connected to mongodb://localhost/camara.","timestamp":"2018-08-05T15:30:41.661Z"}
{"level":"info","message":"Listening on port 3000.","timestamp":"2018-08-05T15:31:13.503Z"}
{"level":"info","message":"Connected to mongodb://localhost/camara.","timestamp":"2018-08-05T15:31:13.540Z"}
{"level":"info","message":"Listening on port 3000.","timestamp":"2018-08-05T15:33:14.549Z"}
{"level":"info","message":"Connected to mongodb://localhost/camara.","timestamp":"2018-08-05T15:33:14.585Z"}
{"level":"info","message":"Listening on port 3000.","timestamp":"2018-08-05T15:33:54.019Z"}
{"level":"info","message":"Connected to mongodb://localhost/camara.","timestamp":"2018-08-05T15:33:54.056Z"}
{"level":"info","message":"Listening on port 3000.","timestamp":"2018-08-05T16:07:03.600Z"}
{"level":"info","message":"Connected to mongodb://localhost/camara.","timestamp":"2018-08-05T16:07:03.637Z"}
{"level":"info","message":"Listening on port 3000.","timestamp":"2018-08-05T16:07:05.326Z"}
{"level":"info","message":"Connected to mongodb://localhost/camara.","timestamp":"2018-08-05T16:07:05.366Z"}
{"level":"info","message":"Listening on port 3000.","timestamp":"2018-08-05T16:07:17.838Z"}
{"level":"info","message":"Connected to mongodb://localhost/camara.","timestamp":"2018-08-05T16:07:17.873Z"}
{"message":"Mongoose 5.x disallows passing a spread of operators to `Model.aggregate()`. Instead of `Model.aggregate({ $match }, { $skip })`, do `Model.aggregate([{ $match }, { $skip }])`","stack":"MongooseError: Mongoose 5.x disallows passing a spread of operators to `Model.aggregate()`. Instead of `Model.aggregate({ $match }, { $skip })`, do `Model.aggregate([{ $match }, { $skip }])`\n    at new MongooseError (/Users/robsonlima/Documents/Workspace/node-js/node-camara/node_modules/mongoose/lib/error/mongooseError.js:11:11)\n    at Function.aggregate (/Users/robsonlima/Documents/Workspace/node-js/node-camara/node_modules/mongoose/lib/model.js:3239:11)\n    at router.get (/Users/robsonlima/Documents/Workspace/node-js/node-camara/routes/vereadores.js:6:37)\n    at newFn (/Users/robsonlima/Documents/Workspace/node-js/node-camara/node_modules/express-async-errors/index.js:25:20)\n    at Layer.handle [as handle_request] (/Users/robsonlima/Documents/Workspace/node-js/node-camara/node_modules/express/lib/router/layer.js:95:5)\n    at next (/Users/robsonlima/Documents/Workspace/node-js/node-camara/node_modules/express/lib/router/route.js:137:13)\n    at Route.dispatch (/Users/robsonlima/Documents/Workspace/node-js/node-camara/node_modules/express/lib/router/route.js:112:3)\n    at newFn (/Users/robsonlima/Documents/Workspace/node-js/node-camara/node_modules/express-async-errors/index.js:25:20)\n    at Layer.handle [as handle_request] (/Users/robsonlima/Documents/Workspace/node-js/node-camara/node_modules/express/lib/router/layer.js:95:5)\n    at /Users/robsonlima/Documents/Workspace/node-js/node-camara/node_modules/express/lib/router/index.js:281:22\n    at Function.process_params (/Users/robsonlima/Documents/Workspace/node-js/node-camara/node_modules/express/lib/router/index.js:335:12)\n    at next (/Users/robsonlima/Documents/Workspace/node-js/node-camara/node_modules/express/lib/router/index.js:275:10)\n    at Function.handle (/Users/robsonlima/Documents/Workspace/node-js/node-camara/node_modules/express/lib/router/index.js:174:3)\n    at router (/Users/robsonlima/Documents/Workspace/node-js/node-camara/node_modules/express/lib/router/index.js:47:12)\n    at newFn (/Users/robsonlima/Documents/Workspace/node-js/node-camara/node_modules/express-async-errors/index.js:25:20)\n    at Layer.handle [as handle_request] (/Users/robsonlima/Documents/Workspace/node-js/node-camara/node_modules/express/lib/router/layer.js:95:5)","name":"MongooseError","level":"error","timestamp":"2018-08-05T16:07:24.374Z"}
{"message":"Mongoose 5.x disallows passing a spread of operators to `Model.aggregate()`. Instead of `Model.aggregate({ $match }, { $skip })`, do `Model.aggregate([{ $match }, { $skip }])`","stack":"MongooseError: Mongoose 5.x disallows passing a spread of operators to `Model.aggregate()`. Instead of `Model.aggregate({ $match }, { $skip })`, do `Model.aggregate([{ $match }, { $skip }])`\n    at new MongooseError (/Users/robsonlima/Documents/Workspace/node-js/node-camara/node_modules/mongoose/lib/error/mongooseError.js:11:11)\n    at Function.aggregate (/Users/robsonlima/Documents/Workspace/node-js/node-camara/node_modules/mongoose/lib/model.js:3239:11)\n    at router.get (/Users/robsonlima/Documents/Workspace/node-js/node-camara/routes/vereadores.js:6:37)\n    at newFn (/Users/robsonlima/Documents/Workspace/node-js/node-camara/node_modules/express-async-errors/index.js:25:20)\n    at Layer.handle [as handle_request] (/Users/robsonlima/Documents/Workspace/node-js/node-camara/node_modules/express/lib/router/layer.js:95:5)\n    at next (/Users/robsonlima/Documents/Workspace/node-js/node-camara/node_modules/express/lib/router/route.js:137:13)\n    at Route.dispatch (/Users/robsonlima/Documents/Workspace/node-js/node-camara/node_modules/express/lib/router/route.js:112:3)\n    at newFn (/Users/robsonlima/Documents/Workspace/node-js/node-camara/node_modules/express-async-errors/index.js:25:20)\n    at Layer.handle [as handle_request] (/Users/robsonlima/Documents/Workspace/node-js/node-camara/node_modules/express/lib/router/layer.js:95:5)\n    at /Users/robsonlima/Documents/Workspace/node-js/node-camara/node_modules/express/lib/router/index.js:281:22\n    at Function.process_params (/Users/robsonlima/Documents/Workspace/node-js/node-camara/node_modules/express/lib/router/index.js:335:12)\n    at next (/Users/robsonlima/Documents/Workspace/node-js/node-camara/node_modules/express/lib/router/index.js:275:10)\n    at Function.handle (/Users/robsonlima/Documents/Workspace/node-js/node-camara/node_modules/express/lib/router/index.js:174:3)\n    at router (/Users/robsonlima/Documents/Workspace/node-js/node-camara/node_modules/express/lib/router/index.js:47:12)\n    at newFn (/Users/robsonlima/Documents/Workspace/node-js/node-camara/node_modules/express-async-errors/index.js:25:20)\n    at Layer.handle [as handle_request] (/Users/robsonlima/Documents/Workspace/node-js/node-camara/node_modules/express/lib/router/layer.js:95:5)","name":"MongooseError","level":"error","timestamp":"2018-08-05T16:07:26.343Z"}
{"level":"info","message":"Listening on port 3000.","timestamp":"2018-08-05T16:07:47.657Z"}
{"level":"info","message":"Connected to mongodb://localhost/camara.","timestamp":"2018-08-05T16:07:47.709Z"}
{"level":"info","message":"Listening on port 3000.","timestamp":"2018-08-05T16:11:47.313Z"}
{"level":"info","message":"Connected to mongodb://localhost/camara.","timestamp":"2018-08-05T16:11:47.354Z"}
{"message":"db is not defined","stack":"ReferenceError: db is not defined\n    at router.get (/Users/robsonlima/Documents/Workspace/node-js/node-camara/routes/vereadores.js:7:3)\n    at <anonymous>\n    at process._tickCallback (internal/process/next_tick.js:118:7)","level":"error","timestamp":"2018-08-05T16:11:49.944Z"}
{"level":"info","message":"Listening on port 3000.","timestamp":"2018-08-05T16:12:32.741Z"}
{"level":"info","message":"Connected to mongodb://localhost/camara.","timestamp":"2018-08-05T16:12:32.776Z"}
{"level":"info","message":"Listening on port 3000.","timestamp":"2018-08-05T16:12:53.879Z"}
{"level":"info","message":"Connected to mongodb://localhost/camara.","timestamp":"2018-08-05T16:12:53.913Z"}
{"level":"info","message":"Listening on port 3000.","timestamp":"2018-08-05T16:18:35.099Z"}
{"level":"info","message":"Connected to mongodb://localhost/camara.","timestamp":"2018-08-05T16:18:35.179Z"}
{"level":"info","message":"Listening on port 3000.","timestamp":"2018-08-05T16:20:37.869Z"}
{"level":"info","message":"Connected to mongodb://localhost/camara.","timestamp":"2018-08-05T16:20:37.924Z"}
{"level":"info","message":"Listening on port 3000.","timestamp":"2018-08-05T16:20:53.354Z"}
{"level":"info","message":"Connected to mongodb://localhost/camara.","timestamp":"2018-08-05T16:20:53.390Z"}
{"level":"info","message":"Listening on port 3000.","timestamp":"2018-08-05T16:20:55.380Z"}
{"level":"info","message":"Connected to mongodb://localhost/camara.","timestamp":"2018-08-05T16:20:55.446Z"}
{"level":"info","message":"Listening on port 3000.","timestamp":"2018-08-05T20:24:43.491Z"}
{"level":"info","message":"Connected to mongodb://localhost/camara.","timestamp":"2018-08-05T20:24:43.530Z"}
{"message":"aggregate is not defined","stack":"ReferenceError: aggregate is not defined\n    at router.get (/Users/robsonlima/Documents/Workspace/node-js/node-camara/routes/vereadores.js:24:5)\n    at <anonymous>\n    at process._tickCallback (internal/process/next_tick.js:118:7)","level":"error","timestamp":"2018-08-05T20:24:56.467Z"}
{"message":"aggregate is not defined","stack":"ReferenceError: aggregate is not defined\n    at router.get (/Users/robsonlima/Documents/Workspace/node-js/node-camara/routes/vereadores.js:24:5)\n    at <anonymous>\n    at process._tickCallback (internal/process/next_tick.js:118:7)","level":"error","timestamp":"2018-08-05T20:25:06.195Z"}
{"level":"info","message":"Listening on port 3000.","timestamp":"2018-08-05T20:25:11.533Z"}
{"level":"info","message":"Connected to mongodb://localhost/camara.","timestamp":"2018-08-05T20:25:11.571Z"}
{"message":"aggregate is not defined","stack":"ReferenceError: aggregate is not defined\n    at router.get (/Users/robsonlima/Documents/Workspace/node-js/node-camara/routes/vereadores.js:24:5)\n    at <anonymous>\n    at process._tickCallback (internal/process/next_tick.js:118:7)","level":"error","timestamp":"2018-08-05T20:25:12.182Z"}
{"level":"info","message":"Listening on port 3000.","timestamp":"2018-08-05T20:25:20.594Z"}
{"level":"info","message":"Connected to mongodb://localhost/camara.","timestamp":"2018-08-05T20:25:20.628Z"}
{"level":"info","message":"Listening on port 3000.","timestamp":"2018-08-05T20:25:43.268Z"}
{"level":"info","message":"Connected to mongodb://localhost/camara.","timestamp":"2018-08-05T20:25:43.313Z"}
{"level":"info","message":"Listening on port 3000.","timestamp":"2018-08-05T20:25:45.279Z"}
{"level":"info","message":"Connected to mongodb://localhost/camara.","timestamp":"2018-08-05T20:25:45.315Z"}
{"level":"info","message":"Listening on port 3000.","timestamp":"2018-08-05T20:28:21.264Z"}
{"level":"info","message":"Connected to mongodb://localhost/camara.","timestamp":"2018-08-05T20:28:21.301Z"}
{"level":"info","message":"Listening on port 3000.","timestamp":"2018-08-05T20:28:23.087Z"}
{"level":"info","message":"Connected to mongodb://localhost/camara.","timestamp":"2018-08-05T20:28:23.132Z"}
{"level":"info","message":"Listening on port 3000.","timestamp":"2018-08-05T20:28:38.022Z"}
{"level":"info","message":"Connected to mongodb://localhost/camara.","timestamp":"2018-08-05T20:28:38.097Z"}
{"level":"info","message":"Listening on port 3000.","timestamp":"2018-08-05T20:28:50.178Z"}
{"level":"info","message":"Connected to mongodb://localhost/camara.","timestamp":"2018-08-05T20:28:50.215Z"}
{"level":"info","message":"Listening on port 3000.","timestamp":"2018-08-05T20:29:40.167Z"}
{"level":"info","message":"Connected to mongodb://localhost/camara.","timestamp":"2018-08-05T20:29:40.220Z"}
{"level":"info","message":"Listening on port 3000.","timestamp":"2018-08-05T20:30:05.156Z"}
{"level":"info","message":"Connected to mongodb://localhost/camara.","timestamp":"2018-08-05T20:30:05.190Z"}
{"level":"info","message":"Listening on port 3000.","timestamp":"2018-08-05T20:30:25.383Z"}
{"level":"info","message":"Connected to mongodb://localhost/camara.","timestamp":"2018-08-05T20:30:25.436Z"}
{"level":"info","message":"Listening on port 3000.","timestamp":"2018-08-05T20:30:42.094Z"}
{"level":"info","message":"Connected to mongodb://localhost/camara.","timestamp":"2018-08-05T20:30:42.133Z"}
{"level":"info","message":"Listening on port 3000.","timestamp":"2018-08-05T20:40:22.304Z"}
{"level":"info","message":"Connected to mongodb://localhost/camara.","timestamp":"2018-08-05T20:40:22.338Z"}
{"level":"info","message":"Listening on port 3000.","timestamp":"2018-08-05T20:45:50.473Z"}
{"level":"info","message":"Connected to mongodb://localhost/camara.","timestamp":"2018-08-05T20:45:50.506Z"}
{"level":"info","message":"Listening on port 3000.","timestamp":"2018-08-05T20:47:51.479Z"}
{"level":"info","message":"Connected to mongodb://localhost/camara.","timestamp":"2018-08-05T20:47:51.545Z"}
{"level":"info","message":"Listening on port 3000.","timestamp":"2018-08-05T20:48:33.520Z"}
{"level":"info","message":"Connected to mongodb://localhost/camara.","timestamp":"2018-08-05T20:48:33.590Z"}
{"level":"info","message":"Listening on port 3000.","timestamp":"2018-08-05T20:49:31.904Z"}
{"level":"info","message":"Connected to mongodb://localhost/camara.","timestamp":"2018-08-05T20:49:31.948Z"}
{"level":"info","message":"Listening on port 3000.","timestamp":"2018-08-05T20:52:44.631Z"}
{"level":"info","message":"Connected to mongodb://localhost/camara.","timestamp":"2018-08-05T20:52:44.665Z"}
{"level":"info","message":"Listening on port 3000.","timestamp":"2018-08-05T20:53:08.794Z"}
{"level":"info","message":"Connected to mongodb://localhost/camara.","timestamp":"2018-08-05T20:53:08.841Z"}
{"level":"info","message":"Listening on port 3000.","timestamp":"2018-08-05T21:05:26.690Z"}
{"level":"info","message":"Connected to mongodb://localhost/camara.","timestamp":"2018-08-05T21:05:26.719Z"}
{"level":"info","message":"Listening on port 3000.","timestamp":"2018-08-05T21:05:40.185Z"}
{"level":"info","message":"Connected to mongodb://localhost/camara.","timestamp":"2018-08-05T21:05:40.220Z"}
{"level":"info","message":"Listening on port 3000.","timestamp":"2018-08-05T21:05:47.690Z"}
{"level":"info","message":"Connected to mongodb://localhost/camara.","timestamp":"2018-08-05T21:05:47.755Z"}
{"level":"info","message":"Listening on port 3000.","timestamp":"2018-08-05T21:18:21.081Z"}
{"level":"info","message":"Connected to mongodb://localhost/camara.","timestamp":"2018-08-05T21:18:21.116Z"}
{"level":"info","message":"Listening on port 3000.","timestamp":"2018-08-05T21:19:03.575Z"}
{"level":"info","message":"Connected to mongodb://localhost/camara.","timestamp":"2018-08-05T21:19:03.647Z"}
{"level":"info","message":"Listening on port 3000.","timestamp":"2018-08-06T14:23:31.465Z"}
{"level":"info","message":"Connected to mongodb://localhost/camara.","timestamp":"2018-08-06T14:23:31.521Z"}
{"level":"info","message":"Listening on port 3000.","timestamp":"2018-08-06T17:43:28.922Z"}
{"level":"info","message":"Connected to mongodb://localhost/camara.","timestamp":"2018-08-06T17:43:28.963Z"}
{"level":"info","message":"Listening on port 3000.","timestamp":"2018-08-06T18:10:39.906Z"}
{"level":"info","message":"Connected to mongodb://localhost/camara.","timestamp":"2018-08-06T18:10:39.944Z"}
{"message":"Genre is not defined","stack":"ReferenceError: Genre is not defined\n    at router.get (/Users/robsonlima/Documents/Workspace/node-js/node-camara/routes/sessoes.js:23:18)\n    at newFn (/Users/robsonlima/Documents/Workspace/node-js/node-camara/node_modules/express-async-errors/index.js:25:20)\n    at Layer.handle [as handle_request] (/Users/robsonlima/Documents/Workspace/node-js/node-camara/node_modules/express/lib/router/layer.js:95:5)\n    at next (/Users/robsonlima/Documents/Workspace/node-js/node-camara/node_modules/express/lib/router/route.js:137:13)\n    at Route.dispatch (/Users/robsonlima/Documents/Workspace/node-js/node-camara/node_modules/express/lib/router/route.js:112:3)\n    at newFn (/Users/robsonlima/Documents/Workspace/node-js/node-camara/node_modules/express-async-errors/index.js:25:20)\n    at Layer.handle [as handle_request] (/Users/robsonlima/Documents/Workspace/node-js/node-camara/node_modules/express/lib/router/layer.js:95:5)\n    at /Users/robsonlima/Documents/Workspace/node-js/node-camara/node_modules/express/lib/router/index.js:281:22\n    at param (/Users/robsonlima/Documents/Workspace/node-js/node-camara/node_modules/express/lib/router/index.js:354:14)\n    at param (/Users/robsonlima/Documents/Workspace/node-js/node-camara/node_modules/express/lib/router/index.js:365:14)\n    at Function.process_params (/Users/robsonlima/Documents/Workspace/node-js/node-camara/node_modules/express/lib/router/index.js:410:3)\n    at next (/Users/robsonlima/Documents/Workspace/node-js/node-camara/node_modules/express/lib/router/index.js:275:10)\n    at Function.handle (/Users/robsonlima/Documents/Workspace/node-js/node-camara/node_modules/express/lib/router/index.js:174:3)\n    at router (/Users/robsonlima/Documents/Workspace/node-js/node-camara/node_modules/express/lib/router/index.js:47:12)\n    at newFn (/Users/robsonlima/Documents/Workspace/node-js/node-camara/node_modules/express-async-errors/index.js:25:20)\n    at Layer.handle [as handle_request] (/Users/robsonlima/Documents/Workspace/node-js/node-camara/node_modules/express/lib/router/layer.js:95:5)","level":"error","timestamp":"2018-08-06T18:10:47.398Z"}
{"level":"info","message":"Listening on port 3000.","timestamp":"2018-08-06T18:11:08.082Z"}
{"level":"info","message":"Connected to mongodb://localhost/camara.","timestamp":"2018-08-06T18:11:08.113Z"}
{"level":"info","message":"Listening on port 3000.","timestamp":"2018-08-06T18:11:09.841Z"}
{"level":"info","message":"Connected to mongodb://localhost/camara.","timestamp":"2018-08-06T18:11:09.876Z"}
{"level":"info","message":"Listening on port 3000.","timestamp":"2018-08-06T20:24:32.880Z"}
{"level":"info","message":"Connected to mongodb://localhost/camara.","timestamp":"2018-08-06T20:24:32.913Z"}
{"message":"Cast to ObjectId failed for value \"contagem\" at path \"_id\" for model \"sessoes\"","stack":"CastError: Cast to ObjectId failed for value \"contagem\" at path \"_id\" for model \"sessoes\"\n    at new CastError (/Users/robsonlima/Documents/Workspace/node-js/node-camara/node_modules/mongoose/lib/error/cast.js:29:11)\n    at ObjectId.cast (/Users/robsonlima/Documents/Workspace/node-js/node-camara/node_modules/mongoose/lib/schema/objectid.js:155:13)\n    at ObjectId.SchemaType.applySetters (/Users/robsonlima/Documents/Workspace/node-js/node-camara/node_modules/mongoose/lib/schematype.js:726:12)\n    at ObjectId.SchemaType._castForQuery (/Users/robsonlima/Documents/Workspace/node-js/node-camara/node_modules/mongoose/lib/schematype.js:1115:15)\n    at ObjectId.SchemaType.castForQuery (/Users/robsonlima/Documents/Workspace/node-js/node-camara/node_modules/mongoose/lib/schematype.js:1105:15)\n    at ObjectId.SchemaType.castForQueryWrapper (/Users/robsonlima/Documents/Workspace/node-js/node-camara/node_modules/mongoose/lib/schematype.js:1084:15)\n    at cast (/Users/robsonlima/Documents/Workspace/node-js/node-camara/node_modules/mongoose/lib/cast.js:303:32)\n    at model.Query.Query.cast (/Users/robsonlima/Documents/Workspace/node-js/node-camara/node_modules/mongoose/lib/query.js:3797:12)\n    at model.Query.Query._castConditions (/Users/robsonlima/Documents/Workspace/node-js/node-camara/node_modules/mongoose/lib/query.js:1596:10)\n    at model.Query.Query._findOne (/Users/robsonlima/Documents/Workspace/node-js/node-camara/node_modules/mongoose/lib/query.js:1827:8)\n    at process.nextTick (/Users/robsonlima/Documents/Workspace/node-js/node-camara/node_modules/mongoose/node_modules/kareem/index.js:333:33)\n    at process._tickCallback (internal/process/next_tick.js:112:11)","name":"CastError","stringValue":"\"contagem\"","kind":"ObjectId","value":"contagem","path":"_id","level":"error","timestamp":"2018-08-06T20:24:45.620Z"}
{"level":"info","message":"Listening on port 3000.","timestamp":"2018-08-06T20:26:20.922Z"}
{"level":"info","message":"Connected to mongodb://localhost/camara.","timestamp":"2018-08-06T20:26:20.990Z"}
{"message":"Cast to ObjectId failed for value \"contagem\" at path \"_id\" for model \"sessoes\"","stack":"CastError: Cast to ObjectId failed for value \"contagem\" at path \"_id\" for model \"sessoes\"\n    at new CastError (/Users/robsonlima/Documents/Workspace/node-js/node-camara/node_modules/mongoose/lib/error/cast.js:29:11)\n    at ObjectId.cast (/Users/robsonlima/Documents/Workspace/node-js/node-camara/node_modules/mongoose/lib/schema/objectid.js:155:13)\n    at ObjectId.SchemaType.applySetters (/Users/robsonlima/Documents/Workspace/node-js/node-camara/node_modules/mongoose/lib/schematype.js:726:12)\n    at ObjectId.SchemaType._castForQuery (/Users/robsonlima/Documents/Workspace/node-js/node-camara/node_modules/mongoose/lib/schematype.js:1115:15)\n    at ObjectId.SchemaType.castForQuery (/Users/robsonlima/Documents/Workspace/node-js/node-camara/node_modules/mongoose/lib/schematype.js:1105:15)\n    at ObjectId.SchemaType.castForQueryWrapper (/Users/robsonlima/Documents/Workspace/node-js/node-camara/node_modules/mongoose/lib/schematype.js:1084:15)\n    at cast (/Users/robsonlima/Documents/Workspace/node-js/node-camara/node_modules/mongoose/lib/cast.js:303:32)\n    at model.Query.Query.cast (/Users/robsonlima/Documents/Workspace/node-js/node-camara/node_modules/mongoose/lib/query.js:3797:12)\n    at model.Query.Query._castConditions (/Users/robsonlima/Documents/Workspace/node-js/node-camara/node_modules/mongoose/lib/query.js:1596:10)\n    at model.Query.Query._findOne (/Users/robsonlima/Documents/Workspace/node-js/node-camara/node_modules/mongoose/lib/query.js:1827:8)\n    at process.nextTick (/Users/robsonlima/Documents/Workspace/node-js/node-camara/node_modules/mongoose/node_modules/kareem/index.js:333:33)\n    at process._tickCallback (internal/process/next_tick.js:112:11)","name":"CastError","stringValue":"\"contagem\"","kind":"ObjectId","value":"contagem","path":"_id","level":"error","timestamp":"2018-08-06T20:26:22.795Z"}
{"level":"info","message":"Listening on port 3000.","timestamp":"2018-08-06T20:29:03.029Z"}
{"level":"info","message":"Connected to mongodb://localhost/camara.","timestamp":"2018-08-06T20:29:03.064Z"}
{"message":"Cast to ObjectId failed for value \"contagem\" at path \"_id\" for model \"sessoes\"","stack":"CastError: Cast to ObjectId failed for value \"contagem\" at path \"_id\" for model \"sessoes\"\n    at new CastError (/Users/robsonlima/Documents/Workspace/node-js/node-camara/node_modules/mongoose/lib/error/cast.js:29:11)\n    at ObjectId.cast (/Users/robsonlima/Documents/Workspace/node-js/node-camara/node_modules/mongoose/lib/schema/objectid.js:155:13)\n    at ObjectId.SchemaType.applySetters (/Users/robsonlima/Documents/Workspace/node-js/node-camara/node_modules/mongoose/lib/schematype.js:726:12)\n    at ObjectId.SchemaType._castForQuery (/Users/robsonlima/Documents/Workspace/node-js/node-camara/node_modules/mongoose/lib/schematype.js:1115:15)\n    at ObjectId.SchemaType.castForQuery (/Users/robsonlima/Documents/Workspace/node-js/node-camara/node_modules/mongoose/lib/schematype.js:1105:15)\n    at ObjectId.SchemaType.castForQueryWrapper (/Users/robsonlima/Documents/Workspace/node-js/node-camara/node_modules/mongoose/lib/schematype.js:1084:15)\n    at cast (/Users/robsonlima/Documents/Workspace/node-js/node-camara/node_modules/mongoose/lib/cast.js:303:32)\n    at model.Query.Query.cast (/Users/robsonlima/Documents/Workspace/node-js/node-camara/node_modules/mongoose/lib/query.js:3797:12)\n    at model.Query.Query._castConditions (/Users/robsonlima/Documents/Workspace/node-js/node-camara/node_modules/mongoose/lib/query.js:1596:10)\n    at model.Query.Query._findOne (/Users/robsonlima/Documents/Workspace/node-js/node-camara/node_modules/mongoose/lib/query.js:1827:8)\n    at process.nextTick (/Users/robsonlima/Documents/Workspace/node-js/node-camara/node_modules/mongoose/node_modules/kareem/index.js:333:33)\n    at process._tickCallback (internal/process/next_tick.js:112:11)","name":"CastError","stringValue":"\"contagem\"","kind":"ObjectId","value":"contagem","path":"_id","level":"error","timestamp":"2018-08-06T20:29:04.823Z"}
{"level":"info","message":"Listening on port 3000.","timestamp":"2018-08-06T20:29:30.749Z"}
{"level":"info","message":"Connected to mongodb://localhost/camara.","timestamp":"2018-08-06T20:29:30.780Z"}
{"message":"Cast to ObjectId failed for value \"contagem\" at path \"_id\" for model \"sessoes\"","stack":"CastError: Cast to ObjectId failed for value \"contagem\" at path \"_id\" for model \"sessoes\"\n    at new CastError (/Users/robsonlima/Documents/Workspace/node-js/node-camara/node_modules/mongoose/lib/error/cast.js:29:11)\n    at ObjectId.cast (/Users/robsonlima/Documents/Workspace/node-js/node-camara/node_modules/mongoose/lib/schema/objectid.js:155:13)\n    at ObjectId.SchemaType.applySetters (/Users/robsonlima/Documents/Workspace/node-js/node-camara/node_modules/mongoose/lib/schematype.js:726:12)\n    at ObjectId.SchemaType._castForQuery (/Users/robsonlima/Documents/Workspace/node-js/node-camara/node_modules/mongoose/lib/schematype.js:1115:15)\n    at ObjectId.SchemaType.castForQuery (/Users/robsonlima/Documents/Workspace/node-js/node-camara/node_modules/mongoose/lib/schematype.js:1105:15)\n    at ObjectId.SchemaType.castForQueryWrapper (/Users/robsonlima/Documents/Workspace/node-js/node-camara/node_modules/mongoose/lib/schematype.js:1084:15)\n    at cast (/Users/robsonlima/Documents/Workspace/node-js/node-camara/node_modules/mongoose/lib/cast.js:303:32)\n    at model.Query.Query.cast (/Users/robsonlima/Documents/Workspace/node-js/node-camara/node_modules/mongoose/lib/query.js:3797:12)\n    at model.Query.Query._castConditions (/Users/robsonlima/Documents/Workspace/node-js/node-camara/node_modules/mongoose/lib/query.js:1596:10)\n    at model.Query.Query._findOne (/Users/robsonlima/Documents/Workspace/node-js/node-camara/node_modules/mongoose/lib/query.js:1827:8)\n    at process.nextTick (/Users/robsonlima/Documents/Workspace/node-js/node-camara/node_modules/mongoose/node_modules/kareem/index.js:333:33)\n    at process._tickCallback (internal/process/next_tick.js:112:11)","name":"CastError","stringValue":"\"contagem\"","kind":"ObjectId","value":"contagem","path":"_id","level":"error","timestamp":"2018-08-06T20:29:34.321Z"}
{"level":"info","message":"Listening on port 3000.","timestamp":"2018-08-06T20:30:14.715Z"}
{"level":"info","message":"Connected to mongodb://localhost/camara.","timestamp":"2018-08-06T20:30:14.754Z"}
{"level":"info","message":"Listening on port 3000.","timestamp":"2018-08-06T20:30:19.621Z"}
{"level":"info","message":"Connected to mongodb://localhost/camara.","timestamp":"2018-08-06T20:30:19.657Z"}
{"message":"Cast to ObjectId failed for value \"contagem\" at path \"_id\" for model \"sessoes\"","stack":"CastError: Cast to ObjectId failed for value \"contagem\" at path \"_id\" for model \"sessoes\"\n    at new CastError (/Users/robsonlima/Documents/Workspace/node-js/node-camara/node_modules/mongoose/lib/error/cast.js:29:11)\n    at ObjectId.cast (/Users/robsonlima/Documents/Workspace/node-js/node-camara/node_modules/mongoose/lib/schema/objectid.js:155:13)\n    at ObjectId.SchemaType.applySetters (/Users/robsonlima/Documents/Workspace/node-js/node-camara/node_modules/mongoose/lib/schematype.js:726:12)\n    at ObjectId.SchemaType._castForQuery (/Users/robsonlima/Documents/Workspace/node-js/node-camara/node_modules/mongoose/lib/schematype.js:1115:15)\n    at ObjectId.SchemaType.castForQuery (/Users/robsonlima/Documents/Workspace/node-js/node-camara/node_modules/mongoose/lib/schematype.js:1105:15)\n    at ObjectId.SchemaType.castForQueryWrapper (/Users/robsonlima/Documents/Workspace/node-js/node-camara/node_modules/mongoose/lib/schematype.js:1084:15)\n    at cast (/Users/robsonlima/Documents/Workspace/node-js/node-camara/node_modules/mongoose/lib/cast.js:303:32)\n    at model.Query.Query.cast (/Users/robsonlima/Documents/Workspace/node-js/node-camara/node_modules/mongoose/lib/query.js:3797:12)\n    at model.Query.Query._castConditions (/Users/robsonlima/Documents/Workspace/node-js/node-camara/node_modules/mongoose/lib/query.js:1596:10)\n    at model.Query.Query._findOne (/Users/robsonlima/Documents/Workspace/node-js/node-camara/node_modules/mongoose/lib/query.js:1827:8)\n    at process.nextTick (/Users/robsonlima/Documents/Workspace/node-js/node-camara/node_modules/mongoose/node_modules/kareem/index.js:333:33)\n    at process._tickCallback (internal/process/next_tick.js:112:11)","name":"CastError","stringValue":"\"contagem\"","kind":"ObjectId","value":"contagem","path":"_id","level":"error","timestamp":"2018-08-06T20:30:26.333Z"}
{"level":"info","message":"Listening on port 3000.","timestamp":"2018-08-06T20:37:27.488Z"}
{"level":"info","message":"Connected to mongodb://localhost/camara.","timestamp":"2018-08-06T20:37:27.517Z"}
{"message":"Cast to ObjectId failed for value \"contagem\" at path \"_id\" for model \"sessoes\"","stack":"CastError: Cast to ObjectId failed for value \"contagem\" at path \"_id\" for model \"sessoes\"\n    at new CastError (/Users/robsonlima/Documents/Workspace/node-js/node-camara/node_modules/mongoose/lib/error/cast.js:29:11)\n    at ObjectId.cast (/Users/robsonlima/Documents/Workspace/node-js/node-camara/node_modules/mongoose/lib/schema/objectid.js:155:13)\n    at ObjectId.SchemaType.applySetters (/Users/robsonlima/Documents/Workspace/node-js/node-camara/node_modules/mongoose/lib/schematype.js:726:12)\n    at ObjectId.SchemaType._castForQuery (/Users/robsonlima/Documents/Workspace/node-js/node-camara/node_modules/mongoose/lib/schematype.js:1115:15)\n    at ObjectId.SchemaType.castForQuery (/Users/robsonlima/Documents/Workspace/node-js/node-camara/node_modules/mongoose/lib/schematype.js:1105:15)\n    at ObjectId.SchemaType.castForQueryWrapper (/Users/robsonlima/Documents/Workspace/node-js/node-camara/node_modules/mongoose/lib/schematype.js:1084:15)\n    at cast (/Users/robsonlima/Documents/Workspace/node-js/node-camara/node_modules/mongoose/lib/cast.js:303:32)\n    at model.Query.Query.cast (/Users/robsonlima/Documents/Workspace/node-js/node-camara/node_modules/mongoose/lib/query.js:3797:12)\n    at model.Query.Query._castConditions (/Users/robsonlima/Documents/Workspace/node-js/node-camara/node_modules/mongoose/lib/query.js:1596:10)\n    at model.Query.Query._findOne (/Users/robsonlima/Documents/Workspace/node-js/node-camara/node_modules/mongoose/lib/query.js:1827:8)\n    at process.nextTick (/Users/robsonlima/Documents/Workspace/node-js/node-camara/node_modules/mongoose/node_modules/kareem/index.js:333:33)\n    at process._tickCallback (internal/process/next_tick.js:112:11)","name":"CastError","stringValue":"\"contagem\"","kind":"ObjectId","value":"contagem","path":"_id","level":"error","timestamp":"2018-08-06T20:37:28.218Z"}
{"level":"info","message":"Listening on port 3000.","timestamp":"2018-08-06T20:55:56.664Z"}
{"level":"info","message":"Connected to mongodb://localhost/camara.","timestamp":"2018-08-06T20:55:56.703Z"}
{"message":"Cast to ObjectId failed for value \"contagem\" at path \"_id\" for model \"sessoes\"","stack":"CastError: Cast to ObjectId failed for value \"contagem\" at path \"_id\" for model \"sessoes\"\n    at new CastError (/Users/robsonlima/Documents/Workspace/node-js/node-camara/node_modules/mongoose/lib/error/cast.js:29:11)\n    at ObjectId.cast (/Users/robsonlima/Documents/Workspace/node-js/node-camara/node_modules/mongoose/lib/schema/objectid.js:155:13)\n    at ObjectId.SchemaType.applySetters (/Users/robsonlima/Documents/Workspace/node-js/node-camara/node_modules/mongoose/lib/schematype.js:726:12)\n    at ObjectId.SchemaType._castForQuery (/Users/robsonlima/Documents/Workspace/node-js/node-camara/node_modules/mongoose/lib/schematype.js:1115:15)\n    at ObjectId.SchemaType.castForQuery (/Users/robsonlima/Documents/Workspace/node-js/node-camara/node_modules/mongoose/lib/schematype.js:1105:15)\n    at ObjectId.SchemaType.castForQueryWrapper (/Users/robsonlima/Documents/Workspace/node-js/node-camara/node_modules/mongoose/lib/schematype.js:1084:15)\n    at cast (/Users/robsonlima/Documents/Workspace/node-js/node-camara/node_modules/mongoose/lib/cast.js:303:32)\n    at model.Query.Query.cast (/Users/robsonlima/Documents/Workspace/node-js/node-camara/node_modules/mongoose/lib/query.js:3797:12)\n    at model.Query.Query._castConditions (/Users/robsonlima/Documents/Workspace/node-js/node-camara/node_modules/mongoose/lib/query.js:1596:10)\n    at model.Query.Query._findOne (/Users/robsonlima/Documents/Workspace/node-js/node-camara/node_modules/mongoose/lib/query.js:1827:8)\n    at process.nextTick (/Users/robsonlima/Documents/Workspace/node-js/node-camara/node_modules/mongoose/node_modules/kareem/index.js:333:33)\n    at process._tickCallback (internal/process/next_tick.js:112:11)","name":"CastError","stringValue":"\"contagem\"","kind":"ObjectId","value":"contagem","path":"_id","level":"error","timestamp":"2018-08-06T20:55:57.992Z"}
{"level":"info","message":"Listening on port 3000.","timestamp":"2018-08-06T20:57:12.146Z"}
{"level":"info","message":"Connected to mongodb://localhost/camara.","timestamp":"2018-08-06T20:57:12.190Z"}
{"message":"Cast to ObjectId failed for value \"contagem\" at path \"_id\" for model \"sessoes\"","stack":"CastError: Cast to ObjectId failed for value \"contagem\" at path \"_id\" for model \"sessoes\"\n    at new CastError (/Users/robsonlima/Documents/Workspace/node-js/node-camara/node_modules/mongoose/lib/error/cast.js:29:11)\n    at ObjectId.cast (/Users/robsonlima/Documents/Workspace/node-js/node-camara/node_modules/mongoose/lib/schema/objectid.js:155:13)\n    at ObjectId.SchemaType.applySetters (/Users/robsonlima/Documents/Workspace/node-js/node-camara/node_modules/mongoose/lib/schematype.js:726:12)\n    at ObjectId.SchemaType._castForQuery (/Users/robsonlima/Documents/Workspace/node-js/node-camara/node_modules/mongoose/lib/schematype.js:1115:15)\n    at ObjectId.SchemaType.castForQuery (/Users/robsonlima/Documents/Workspace/node-js/node-camara/node_modules/mongoose/lib/schematype.js:1105:15)\n    at ObjectId.SchemaType.castForQueryWrapper (/Users/robsonlima/Documents/Workspace/node-js/node-camara/node_modules/mongoose/lib/schematype.js:1084:15)\n    at cast (/Users/robsonlima/Documents/Workspace/node-js/node-camara/node_modules/mongoose/lib/cast.js:303:32)\n    at model.Query.Query.cast (/Users/robsonlima/Documents/Workspace/node-js/node-camara/node_modules/mongoose/lib/query.js:3797:12)\n    at model.Query.Query._castConditions (/Users/robsonlima/Documents/Workspace/node-js/node-camara/node_modules/mongoose/lib/query.js:1596:10)\n    at model.Query.Query._findOne (/Users/robsonlima/Documents/Workspace/node-js/node-camara/node_modules/mongoose/lib/query.js:1827:8)\n    at process.nextTick (/Users/robsonlima/Documents/Workspace/node-js/node-camara/node_modules/mongoose/node_modules/kareem/index.js:333:33)\n    at process._tickCallback (internal/process/next_tick.js:112:11)","name":"CastError","stringValue":"\"contagem\"","kind":"ObjectId","value":"contagem","path":"_id","level":"error","timestamp":"2018-08-06T20:57:15.190Z"}
{"level":"info","message":"Listening on port 3000.","timestamp":"2018-08-06T20:57:24.492Z"}
{"level":"info","message":"Connected to mongodb://localhost/camara.","timestamp":"2018-08-06T20:57:24.526Z"}
{"message":"Cast to ObjectId failed for value \"contagem\" at path \"_id\" for model \"sessoes\"","stack":"CastError: Cast to ObjectId failed for value \"contagem\" at path \"_id\" for model \"sessoes\"\n    at new CastError (/Users/robsonlima/Documents/Workspace/node-js/node-camara/node_modules/mongoose/lib/error/cast.js:29:11)\n    at ObjectId.cast (/Users/robsonlima/Documents/Workspace/node-js/node-camara/node_modules/mongoose/lib/schema/objectid.js:155:13)\n    at ObjectId.SchemaType.applySetters (/Users/robsonlima/Documents/Workspace/node-js/node-camara/node_modules/mongoose/lib/schematype.js:726:12)\n    at ObjectId.SchemaType._castForQuery (/Users/robsonlima/Documents/Workspace/node-js/node-camara/node_modules/mongoose/lib/schematype.js:1115:15)\n    at ObjectId.SchemaType.castForQuery (/Users/robsonlima/Documents/Workspace/node-js/node-camara/node_modules/mongoose/lib/schematype.js:1105:15)\n    at ObjectId.SchemaType.castForQueryWrapper (/Users/robsonlima/Documents/Workspace/node-js/node-camara/node_modules/mongoose/lib/schematype.js:1084:15)\n    at cast (/Users/robsonlima/Documents/Workspace/node-js/node-camara/node_modules/mongoose/lib/cast.js:303:32)\n    at model.Query.Query.cast (/Users/robsonlima/Documents/Workspace/node-js/node-camara/node_modules/mongoose/lib/query.js:3797:12)\n    at model.Query.Query._castConditions (/Users/robsonlima/Documents/Workspace/node-js/node-camara/node_modules/mongoose/lib/query.js:1596:10)\n    at model.Query.Query._findOne (/Users/robsonlima/Documents/Workspace/node-js/node-camara/node_modules/mongoose/lib/query.js:1827:8)\n    at process.nextTick (/Users/robsonlima/Documents/Workspace/node-js/node-camara/node_modules/mongoose/node_modules/kareem/index.js:333:33)\n    at process._tickCallback (internal/process/next_tick.js:112:11)","name":"CastError","stringValue":"\"contagem\"","kind":"ObjectId","value":"contagem","path":"_id","level":"error","timestamp":"2018-08-06T20:57:27.072Z"}
{"level":"info","message":"Listening on port 3000.","timestamp":"2018-08-06T20:57:52.138Z"}
{"level":"info","message":"Connected to mongodb://localhost/camara.","timestamp":"2018-08-06T20:57:52.172Z"}
{"message":"Cast to ObjectId failed for value \"contagem\" at path \"_id\" for model \"sessoes\"","stack":"CastError: Cast to ObjectId failed for value \"contagem\" at path \"_id\" for model \"sessoes\"\n    at new CastError (/Users/robsonlima/Documents/Workspace/node-js/node-camara/node_modules/mongoose/lib/error/cast.js:29:11)\n    at ObjectId.cast (/Users/robsonlima/Documents/Workspace/node-js/node-camara/node_modules/mongoose/lib/schema/objectid.js:155:13)\n    at ObjectId.SchemaType.applySetters (/Users/robsonlima/Documents/Workspace/node-js/node-camara/node_modules/mongoose/lib/schematype.js:726:12)\n    at ObjectId.SchemaType._castForQuery (/Users/robsonlima/Documents/Workspace/node-js/node-camara/node_modules/mongoose/lib/schematype.js:1115:15)\n    at ObjectId.SchemaType.castForQuery (/Users/robsonlima/Documents/Workspace/node-js/node-camara/node_modules/mongoose/lib/schematype.js:1105:15)\n    at ObjectId.SchemaType.castForQueryWrapper (/Users/robsonlima/Documents/Workspace/node-js/node-camara/node_modules/mongoose/lib/schematype.js:1084:15)\n    at cast (/Users/robsonlima/Documents/Workspace/node-js/node-camara/node_modules/mongoose/lib/cast.js:303:32)\n    at model.Query.Query.cast (/Users/robsonlima/Documents/Workspace/node-js/node-camara/node_modules/mongoose/lib/query.js:3797:12)\n    at model.Query.Query._castConditions (/Users/robsonlima/Documents/Workspace/node-js/node-camara/node_modules/mongoose/lib/query.js:1596:10)\n    at model.Query.Query._findOne (/Users/robsonlima/Documents/Workspace/node-js/node-camara/node_modules/mongoose/lib/query.js:1827:8)\n    at process.nextTick (/Users/robsonlima/Documents/Workspace/node-js/node-camara/node_modules/mongoose/node_modules/kareem/index.js:333:33)\n    at process._tickCallback (internal/process/next_tick.js:112:11)","name":"CastError","stringValue":"\"contagem\"","kind":"ObjectId","value":"contagem","path":"_id","level":"error","timestamp":"2018-08-06T20:57:52.592Z"}
{"level":"info","message":"Listening on port 3000.","timestamp":"2018-08-06T20:58:26.760Z"}
{"level":"info","message":"Connected to mongodb://localhost/camara.","timestamp":"2018-08-06T20:58:26.791Z"}
{"level":"info","message":"Listening on port 3000.","timestamp":"2018-08-06T20:58:36.492Z"}
{"level":"info","message":"Connected to mongodb://localhost/camara.","timestamp":"2018-08-06T20:58:36.524Z"}
{"message":"Cast to ObjectId failed for value \"contagem\" at path \"_id\" for model \"sessoes\"","stack":"CastError: Cast to ObjectId failed for value \"contagem\" at path \"_id\" for model \"sessoes\"\n    at new CastError (/Users/robsonlima/Documents/Workspace/node-js/node-camara/node_modules/mongoose/lib/error/cast.js:29:11)\n    at ObjectId.cast (/Users/robsonlima/Documents/Workspace/node-js/node-camara/node_modules/mongoose/lib/schema/objectid.js:155:13)\n    at ObjectId.SchemaType.applySetters (/Users/robsonlima/Documents/Workspace/node-js/node-camara/node_modules/mongoose/lib/schematype.js:726:12)\n    at ObjectId.SchemaType._castForQuery (/Users/robsonlima/Documents/Workspace/node-js/node-camara/node_modules/mongoose/lib/schematype.js:1115:15)\n    at ObjectId.SchemaType.castForQuery (/Users/robsonlima/Documents/Workspace/node-js/node-camara/node_modules/mongoose/lib/schematype.js:1105:15)\n    at ObjectId.SchemaType.castForQueryWrapper (/Users/robsonlima/Documents/Workspace/node-js/node-camara/node_modules/mongoose/lib/schematype.js:1084:15)\n    at cast (/Users/robsonlima/Documents/Workspace/node-js/node-camara/node_modules/mongoose/lib/cast.js:303:32)\n    at model.Query.Query.cast (/Users/robsonlima/Documents/Workspace/node-js/node-camara/node_modules/mongoose/lib/query.js:3797:12)\n    at model.Query.Query._castConditions (/Users/robsonlima/Documents/Workspace/node-js/node-camara/node_modules/mongoose/lib/query.js:1596:10)\n    at model.Query.Query._findOne (/Users/robsonlima/Documents/Workspace/node-js/node-camara/node_modules/mongoose/lib/query.js:1827:8)\n    at process.nextTick (/Users/robsonlima/Documents/Workspace/node-js/node-camara/node_modules/mongoose/node_modules/kareem/index.js:333:33)\n    at process._tickCallback (internal/process/next_tick.js:112:11)","name":"CastError","stringValue":"\"contagem\"","kind":"ObjectId","value":"contagem","path":"_id","level":"error","timestamp":"2018-08-06T20:58:37.007Z"}
{"level":"info","message":"Listening on port 3000.","timestamp":"2018-08-06T20:59:08.648Z"}
{"level":"info","message":"Connected to mongodb://localhost/camara.","timestamp":"2018-08-06T20:59:08.678Z"}
{"level":"info","message":"Listening on port 3000.","timestamp":"2018-08-06T20:59:30.370Z"}
{"level":"info","message":"Connected to mongodb://localhost/camara.","timestamp":"2018-08-06T20:59:30.402Z"}
{"message":"Invalid status code: 1","stack":"RangeError [ERR_HTTP_INVALID_STATUS_CODE]: Invalid status code: 1\n    at ServerResponse.writeHead (_http_server.js:201:11)\n    at ServerResponse._implicitHeader (_http_server.js:192:8)\n    at ServerResponse.end (_http_outgoing.js:763:10)\n    at ServerResponse.send (/Users/robsonlima/Documents/Workspace/node-js/node-camara/node_modules/express/lib/response.js:221:10)\n    at router.get (/Users/robsonlima/Documents/Workspace/node-js/node-camara/routes/sessoes.js:29:7)\n    at newFn (/Users/robsonlima/Documents/Workspace/node-js/node-camara/node_modules/express-async-errors/index.js:25:20)\n    at Layer.handle [as handle_request] (/Users/robsonlima/Documents/Workspace/node-js/node-camara/node_modules/express/lib/router/layer.js:95:5)\n    at next (/Users/robsonlima/Documents/Workspace/node-js/node-camara/node_modules/express/lib/router/route.js:137:13)\n    at Route.dispatch (/Users/robsonlima/Documents/Workspace/node-js/node-camara/node_modules/express/lib/router/route.js:112:3)\n    at newFn (/Users/robsonlima/Documents/Workspace/node-js/node-camara/node_modules/express-async-errors/index.js:25:20)\n    at Layer.handle [as handle_request] (/Users/robsonlima/Documents/Workspace/node-js/node-camara/node_modules/express/lib/router/layer.js:95:5)\n    at /Users/robsonlima/Documents/Workspace/node-js/node-camara/node_modules/express/lib/router/index.js:281:22\n    at Function.process_params (/Users/robsonlima/Documents/Workspace/node-js/node-camara/node_modules/express/lib/router/index.js:335:12)\n    at next (/Users/robsonlima/Documents/Workspace/node-js/node-camara/node_modules/express/lib/router/index.js:275:10)\n    at Function.handle (/Users/robsonlima/Documents/Workspace/node-js/node-camara/node_modules/express/lib/router/index.js:174:3)\n    at router (/Users/robsonlima/Documents/Workspace/node-js/node-camara/node_modules/express/lib/router/index.js:47:12)","level":"error","timestamp":"2018-08-06T20:59:31.250Z"}
{"level":"info","message":"Listening on port 3000.","timestamp":"2018-08-06T20:59:54.093Z"}
{"level":"info","message":"Connected to mongodb://localhost/camara.","timestamp":"2018-08-06T20:59:54.127Z"}
{"level":"info","message":"Listening on port 3000.","timestamp":"2018-08-06T21:01:04.909Z"}
{"level":"info","message":"Connected to mongodb://localhost/camara.","timestamp":"2018-08-06T21:01:04.938Z"}
{"level":"info","message":"Listening on port 3000.","timestamp":"2018-08-06T21:01:26.809Z"}
{"level":"info","message":"Connected to mongodb://localhost/camara.","timestamp":"2018-08-06T21:01:26.839Z"}
{"level":"info","message":"Listening on port 3000.","timestamp":"2018-08-06T21:01:28.450Z"}
{"level":"info","message":"Connected to mongodb://localhost/camara.","timestamp":"2018-08-06T21:01:28.481Z"}
{"message":"Cast to ObjectId failed for value \"contagem\" at path \"_id\" for model \"sessoes\"","stack":"CastError: Cast to ObjectId failed for value \"contagem\" at path \"_id\" for model \"sessoes\"\n    at new CastError (/Users/robsonlima/Documents/Workspace/node-js/node-camara/node_modules/mongoose/lib/error/cast.js:29:11)\n    at ObjectId.cast (/Users/robsonlima/Documents/Workspace/node-js/node-camara/node_modules/mongoose/lib/schema/objectid.js:155:13)\n    at ObjectId.SchemaType.applySetters (/Users/robsonlima/Documents/Workspace/node-js/node-camara/node_modules/mongoose/lib/schematype.js:726:12)\n    at ObjectId.SchemaType._castForQuery (/Users/robsonlima/Documents/Workspace/node-js/node-camara/node_modules/mongoose/lib/schematype.js:1115:15)\n    at ObjectId.SchemaType.castForQuery (/Users/robsonlima/Documents/Workspace/node-js/node-camara/node_modules/mongoose/lib/schematype.js:1105:15)\n    at ObjectId.SchemaType.castForQueryWrapper (/Users/robsonlima/Documents/Workspace/node-js/node-camara/node_modules/mongoose/lib/schematype.js:1084:15)\n    at cast (/Users/robsonlima/Documents/Workspace/node-js/node-camara/node_modules/mongoose/lib/cast.js:303:32)\n    at model.Query.Query.cast (/Users/robsonlima/Documents/Workspace/node-js/node-camara/node_modules/mongoose/lib/query.js:3797:12)\n    at model.Query.Query._castConditions (/Users/robsonlima/Documents/Workspace/node-js/node-camara/node_modules/mongoose/lib/query.js:1596:10)\n    at model.Query.Query._findOne (/Users/robsonlima/Documents/Workspace/node-js/node-camara/node_modules/mongoose/lib/query.js:1827:8)\n    at process.nextTick (/Users/robsonlima/Documents/Workspace/node-js/node-camara/node_modules/mongoose/node_modules/kareem/index.js:333:33)\n    at process._tickCallback (internal/process/next_tick.js:112:11)","name":"CastError","stringValue":"\"contagem\"","kind":"ObjectId","value":"contagem","path":"_id","level":"error","timestamp":"2018-08-06T21:01:29.268Z"}
{"level":"info","message":"Listening on port 3000.","timestamp":"2018-08-06T21:01:35.597Z"}
{"level":"info","message":"Connected to mongodb://localhost/camara.","timestamp":"2018-08-06T21:01:35.640Z"}
{"level":"info","message":"Listening on port 3000.","timestamp":"2018-08-07T01:19:21.656Z"}
{"level":"info","message":"Connected to mongodb://localhost/camara.","timestamp":"2018-08-07T01:19:21.694Z"}
{"level":"info","message":"Listening on port 3000.","timestamp":"2018-08-07T01:19:37.932Z"}
{"level":"info","message":"Connected to mongodb://localhost/camara.","timestamp":"2018-08-07T01:19:38.075Z"}
{"level":"info","message":"Listening on port 3000.","timestamp":"2018-08-07T01:24:38.379Z"}
{"level":"info","message":"Connected to mongodb://localhost/camara.","timestamp":"2018-08-07T01:24:38.455Z"}
{"level":"info","message":"Listening on port 3000.","timestamp":"2018-08-07T13:11:53.444Z"}
{"level":"info","message":"Connected to mongodb://localhost/camara.","timestamp":"2018-08-07T13:11:53.496Z"}
{"level":"info","message":"Listening on port 3000.","timestamp":"2018-08-07T13:16:23.699Z"}
{"level":"info","message":"Connected to mongodb://localhost/camara.","timestamp":"2018-08-07T13:16:23.730Z"}
{"level":"info","message":"Listening on port 3000.","timestamp":"2018-08-07T13:16:41.110Z"}
{"level":"info","message":"Connected to mongodb://localhost/camara.","timestamp":"2018-08-07T13:16:41.141Z"}
{"level":"info","message":"Listening on port 3000.","timestamp":"2018-08-07T13:30:51.158Z"}
{"level":"info","message":"Connected to mongodb://localhost/camara.","timestamp":"2018-08-07T13:30:51.222Z"}
{"message":"Cast to ObjectId failed for value \"comparecimento\" at path \"_id\" for model \"sessoes\"","stack":"CastError: Cast to ObjectId failed for value \"comparecimento\" at path \"_id\" for model \"sessoes\"\n    at new CastError (/Users/robsonlima/Documents/Workspace/node-js/node-camara/node_modules/mongoose/lib/error/cast.js:29:11)\n    at ObjectId.cast (/Users/robsonlima/Documents/Workspace/node-js/node-camara/node_modules/mongoose/lib/schema/objectid.js:155:13)\n    at ObjectId.SchemaType.applySetters (/Users/robsonlima/Documents/Workspace/node-js/node-camara/node_modules/mongoose/lib/schematype.js:726:12)\n    at ObjectId.SchemaType._castForQuery (/Users/robsonlima/Documents/Workspace/node-js/node-camara/node_modules/mongoose/lib/schematype.js:1115:15)\n    at ObjectId.SchemaType.castForQuery (/Users/robsonlima/Documents/Workspace/node-js/node-camara/node_modules/mongoose/lib/schematype.js:1105:15)\n    at ObjectId.SchemaType.castForQueryWrapper (/Users/robsonlima/Documents/Workspace/node-js/node-camara/node_modules/mongoose/lib/schematype.js:1084:15)\n    at cast (/Users/robsonlima/Documents/Workspace/node-js/node-camara/node_modules/mongoose/lib/cast.js:303:32)\n    at model.Query.Query.cast (/Users/robsonlima/Documents/Workspace/node-js/node-camara/node_modules/mongoose/lib/query.js:3797:12)\n    at model.Query.Query._castConditions (/Users/robsonlima/Documents/Workspace/node-js/node-camara/node_modules/mongoose/lib/query.js:1596:10)\n    at model.Query.Query._findOne (/Users/robsonlima/Documents/Workspace/node-js/node-camara/node_modules/mongoose/lib/query.js:1827:8)\n    at process.nextTick (/Users/robsonlima/Documents/Workspace/node-js/node-camara/node_modules/mongoose/node_modules/kareem/index.js:333:33)\n    at process._tickCallback (internal/process/next_tick.js:112:11)","name":"CastError","stringValue":"\"comparecimento\"","kind":"ObjectId","value":"comparecimento","path":"_id","level":"error","timestamp":"2018-08-07T13:33:26.901Z"}
{"level":"info","message":"Listening on port 3000.","timestamp":"2018-08-07T13:35:16.803Z"}
{"level":"info","message":"Connected to mongodb://localhost/camara.","timestamp":"2018-08-07T13:35:16.845Z"}
{"level":"info","message":"Listening on port 3000.","timestamp":"2018-08-07T13:37:41.780Z"}
{"level":"info","message":"Connected to mongodb://localhost/camara.","timestamp":"2018-08-07T13:37:41.810Z"}
{"level":"info","message":"Listening on port 3000.","timestamp":"2018-08-07T13:52:16.774Z"}
{"level":"info","message":"Connected to mongodb://localhost/camara.","timestamp":"2018-08-07T13:52:16.802Z"}
{"level":"info","message":"Listening on port 3000.","timestamp":"2018-08-07T13:52:51.472Z"}
{"level":"info","message":"Connected to mongodb://localhost/camara.","timestamp":"2018-08-07T13:52:51.507Z"}
{"level":"info","message":"Listening on port 3000.","timestamp":"2018-08-07T13:52:53.609Z"}
{"level":"info","message":"Connected to mongodb://localhost/camara.","timestamp":"2018-08-07T13:52:53.640Z"}
{"level":"info","message":"Listening on port 3000.","timestamp":"2018-08-07T13:53:09.958Z"}
{"level":"info","message":"Connected to mongodb://localhost/camara.","timestamp":"2018-08-07T13:53:10.035Z"}
{"level":"info","message":"Listening on port 3000.","timestamp":"2018-08-07T13:53:12.089Z"}
{"level":"info","message":"Connected to mongodb://localhost/camara.","timestamp":"2018-08-07T13:53:12.124Z"}
{"message":"Cast to ObjectId failed for value \"vereadores\" at path \"_id\" for model \"sessoes\"","stack":"CastError: Cast to ObjectId failed for value \"vereadores\" at path \"_id\" for model \"sessoes\"\n    at new CastError (/Users/robsonlima/Documents/Workspace/node-js/node-camara/node_modules/mongoose/lib/error/cast.js:29:11)\n    at ObjectId.cast (/Users/robsonlima/Documents/Workspace/node-js/node-camara/node_modules/mongoose/lib/schema/objectid.js:155:13)\n    at ObjectId.SchemaType.applySetters (/Users/robsonlima/Documents/Workspace/node-js/node-camara/node_modules/mongoose/lib/schematype.js:726:12)\n    at ObjectId.SchemaType._castForQuery (/Users/robsonlima/Documents/Workspace/node-js/node-camara/node_modules/mongoose/lib/schematype.js:1115:15)\n    at ObjectId.SchemaType.castForQuery (/Users/robsonlima/Documents/Workspace/node-js/node-camara/node_modules/mongoose/lib/schematype.js:1105:15)\n    at ObjectId.SchemaType.castForQueryWrapper (/Users/robsonlima/Documents/Workspace/node-js/node-camara/node_modules/mongoose/lib/schematype.js:1084:15)\n    at cast (/Users/robsonlima/Documents/Workspace/node-js/node-camara/node_modules/mongoose/lib/cast.js:303:32)\n    at model.Query.Query.cast (/Users/robsonlima/Documents/Workspace/node-js/node-camara/node_modules/mongoose/lib/query.js:3797:12)\n    at model.Query.Query._castConditions (/Users/robsonlima/Documents/Workspace/node-js/node-camara/node_modules/mongoose/lib/query.js:1596:10)\n    at model.Query.Query._findOne (/Users/robsonlima/Documents/Workspace/node-js/node-camara/node_modules/mongoose/lib/query.js:1827:8)\n    at process.nextTick (/Users/robsonlima/Documents/Workspace/node-js/node-camara/node_modules/mongoose/node_modules/kareem/index.js:333:33)\n    at process._tickCallback (internal/process/next_tick.js:112:11)","name":"CastError","stringValue":"\"vereadores\"","kind":"ObjectId","value":"vereadores","path":"_id","level":"error","timestamp":"2018-08-07T13:53:42.400Z"}
{"message":"Cast to ObjectId failed for value \"vereadores\" at path \"_id\" for model \"sessoes\"","stack":"CastError: Cast to ObjectId failed for value \"vereadores\" at path \"_id\" for model \"sessoes\"\n    at new CastError (/Users/robsonlima/Documents/Workspace/node-js/node-camara/node_modules/mongoose/lib/error/cast.js:29:11)\n    at ObjectId.cast (/Users/robsonlima/Documents/Workspace/node-js/node-camara/node_modules/mongoose/lib/schema/objectid.js:155:13)\n    at ObjectId.SchemaType.applySetters (/Users/robsonlima/Documents/Workspace/node-js/node-camara/node_modules/mongoose/lib/schematype.js:726:12)\n    at ObjectId.SchemaType._castForQuery (/Users/robsonlima/Documents/Workspace/node-js/node-camara/node_modules/mongoose/lib/schematype.js:1115:15)\n    at ObjectId.SchemaType.castForQuery (/Users/robsonlima/Documents/Workspace/node-js/node-camara/node_modules/mongoose/lib/schematype.js:1105:15)\n    at ObjectId.SchemaType.castForQueryWrapper (/Users/robsonlima/Documents/Workspace/node-js/node-camara/node_modules/mongoose/lib/schematype.js:1084:15)\n    at cast (/Users/robsonlima/Documents/Workspace/node-js/node-camara/node_modules/mongoose/lib/cast.js:303:32)\n    at model.Query.Query.cast (/Users/robsonlima/Documents/Workspace/node-js/node-camara/node_modules/mongoose/lib/query.js:3797:12)\n    at model.Query.Query._castConditions (/Users/robsonlima/Documents/Workspace/node-js/node-camara/node_modules/mongoose/lib/query.js:1596:10)\n    at model.Query.Query._findOne (/Users/robsonlima/Documents/Workspace/node-js/node-camara/node_modules/mongoose/lib/query.js:1827:8)\n    at process.nextTick (/Users/robsonlima/Documents/Workspace/node-js/node-camara/node_modules/mongoose/node_modules/kareem/index.js:333:33)\n    at process._tickCallback (internal/process/next_tick.js:112:11)","name":"CastError","stringValue":"\"vereadores\"","kind":"ObjectId","value":"vereadores","path":"_id","level":"error","timestamp":"2018-08-07T13:53:48.371Z"}
{"message":"Cast to ObjectId failed for value \"vereadores\" at path \"_id\" for model \"sessoes\"","stack":"CastError: Cast to ObjectId failed for value \"vereadores\" at path \"_id\" for model \"sessoes\"\n    at new CastError (/Users/robsonlima/Documents/Workspace/node-js/node-camara/node_modules/mongoose/lib/error/cast.js:29:11)\n    at ObjectId.cast (/Users/robsonlima/Documents/Workspace/node-js/node-camara/node_modules/mongoose/lib/schema/objectid.js:155:13)\n    at ObjectId.SchemaType.applySetters (/Users/robsonlima/Documents/Workspace/node-js/node-camara/node_modules/mongoose/lib/schematype.js:726:12)\n    at ObjectId.SchemaType._castForQuery (/Users/robsonlima/Documents/Workspace/node-js/node-camara/node_modules/mongoose/lib/schematype.js:1115:15)\n    at ObjectId.SchemaType.castForQuery (/Users/robsonlima/Documents/Workspace/node-js/node-camara/node_modules/mongoose/lib/schematype.js:1105:15)\n    at ObjectId.SchemaType.castForQueryWrapper (/Users/robsonlima/Documents/Workspace/node-js/node-camara/node_modules/mongoose/lib/schematype.js:1084:15)\n    at cast (/Users/robsonlima/Documents/Workspace/node-js/node-camara/node_modules/mongoose/lib/cast.js:303:32)\n    at model.Query.Query.cast (/Users/robsonlima/Documents/Workspace/node-js/node-camara/node_modules/mongoose/lib/query.js:3797:12)\n    at model.Query.Query._castConditions (/Users/robsonlima/Documents/Workspace/node-js/node-camara/node_modules/mongoose/lib/query.js:1596:10)\n    at model.Query.Query._findOne (/Users/robsonlima/Documents/Workspace/node-js/node-camara/node_modules/mongoose/lib/query.js:1827:8)\n    at process.nextTick (/Users/robsonlima/Documents/Workspace/node-js/node-camara/node_modules/mongoose/node_modules/kareem/index.js:333:33)\n    at process._tickCallback (internal/process/next_tick.js:112:11)","name":"CastError","stringValue":"\"vereadores\"","kind":"ObjectId","value":"vereadores","path":"_id","level":"error","timestamp":"2018-08-07T13:53:54.512Z"}
{"level":"info","message":"Listening on port 3000.","timestamp":"2018-08-07T13:54:12.430Z"}
{"level":"info","message":"Connected to mongodb://localhost/camara.","timestamp":"2018-08-07T13:54:12.461Z"}
{"level":"info","message":"Listening on port 3000.","timestamp":"2018-08-07T13:59:11.650Z"}
{"level":"info","message":"Connected to mongodb://localhost/camara.","timestamp":"2018-08-07T13:59:11.689Z"}
{"level":"info","message":"Listening on port 3000.","timestamp":"2018-08-07T17:34:07.214Z"}
{"level":"info","message":"Connected to mongodb://localhost/camara.","timestamp":"2018-08-07T17:34:07.247Z"}
{"level":"info","message":"Listening on port 3000.","timestamp":"2018-08-07T17:34:16.103Z"}
{"level":"info","message":"Connected to mongodb://localhost/camara.","timestamp":"2018-08-07T17:34:16.139Z"}
{"level":"info","message":"Listening on port 3000.","timestamp":"2018-08-07T17:34:24.843Z"}
{"level":"info","message":"Connected to mongodb://localhost/camara.","timestamp":"2018-08-07T17:34:24.878Z"}
{"level":"info","message":"Listening on port 3000.","timestamp":"2018-08-07T17:34:50.373Z"}
{"level":"info","message":"Connected to mongodb://localhost/camara.","timestamp":"2018-08-07T17:34:50.409Z"}
{"level":"info","message":"Listening on port 3000.","timestamp":"2018-08-07T17:45:49.055Z"}
{"level":"info","message":"Connected to mongodb://localhost/camara.","timestamp":"2018-08-07T17:45:49.089Z"}
{"level":"info","message":"Listening on port 3000.","timestamp":"2018-08-07T17:46:00.960Z"}
{"level":"info","message":"Connected to mongodb://localhost/camara.","timestamp":"2018-08-07T17:46:00.998Z"}
{"level":"info","message":"Listening on port 3000.","timestamp":"2018-08-07T17:50:08.843Z"}
{"level":"info","message":"Connected to mongodb://localhost/camara.","timestamp":"2018-08-07T17:50:08.878Z"}
{"level":"info","message":"Listening on port 3000.","timestamp":"2018-08-07T18:08:02.185Z"}
{"level":"info","message":"Connected to mongodb://localhost/camara.","timestamp":"2018-08-07T18:08:02.217Z"}
{"level":"info","message":"Listening on port 3000.","timestamp":"2018-08-07T18:17:40.615Z"}
{"level":"info","message":"Connected to mongodb://localhost/camara.","timestamp":"2018-08-07T18:17:40.669Z"}
{"level":"info","message":"Listening on port 3000.","timestamp":"2018-08-07T18:22:35.175Z"}
{"level":"info","message":"Connected to mongodb://localhost/camara.","timestamp":"2018-08-07T18:22:35.211Z"}
{"level":"info","message":"Listening on port 3000.","timestamp":"2018-08-07T18:22:56.246Z"}
{"level":"info","message":"Connected to mongodb://localhost/camara.","timestamp":"2018-08-07T18:22:56.280Z"}
{"level":"info","message":"Listening on port 3000.","timestamp":"2018-08-07T18:23:47.778Z"}
{"level":"info","message":"Connected to mongodb://localhost/camara.","timestamp":"2018-08-07T18:23:47.807Z"}
{"level":"info","message":"Listening on port 3000.","timestamp":"2018-08-07T18:38:06.927Z"}
{"level":"info","message":"Connected to mongodb://localhost/camara.","timestamp":"2018-08-07T18:38:06.962Z"}
{"level":"info","message":"Listening on port 3000.","timestamp":"2018-08-07T18:40:51.891Z"}
{"level":"info","message":"Connected to mongodb://localhost/camara.","timestamp":"2018-08-07T18:40:51.923Z"}
{"level":"info","message":"Listening on port 3000.","timestamp":"2018-08-07T19:22:52.561Z"}
{"level":"info","message":"Connected to mongodb://localhost/camara.","timestamp":"2018-08-07T19:22:52.606Z"}
{"level":"info","message":"Listening on port 3000.","timestamp":"2018-08-07T20:48:18.492Z"}
{"level":"info","message":"Connected to mongodb://localhost/camara.","timestamp":"2018-08-07T20:48:18.529Z"}
{"level":"info","message":"Listening on port 3000.","timestamp":"2018-08-07T20:48:31.798Z"}
{"level":"info","message":"Connected to mongodb://localhost/camara.","timestamp":"2018-08-07T20:48:31.836Z"}
{"level":"info","message":"Listening on port 3000.","timestamp":"2018-08-08T01:50:27.779Z"}
{"level":"info","message":"Connected to mongodb://localhost/camara.","timestamp":"2018-08-08T01:50:27.811Z"}
{"level":"info","message":"Listening on port 3000.","timestamp":"2018-08-08T02:31:31.523Z"}
{"level":"info","message":"Connected to mongodb://localhost/camara.","timestamp":"2018-08-08T02:31:31.555Z"}
{"level":"info","message":"Listening on port 3000.","timestamp":"2018-08-08T11:39:32.021Z"}
{"level":"info","message":"Connected to mongodb://localhost/camara.","timestamp":"2018-08-08T11:39:32.054Z"}
